<?xml version="1.0"?>
<gama-local-adjustment xmlns="http://www.gnu.org/software/gama/gama-local-adjustment">

<description>
Random 2D network with angles
</description>

<network-general-parameters
   gama-local-version="2.20"
   gama-local-algorithm="envelope"
   gama-local-compiler="GNU C/C++ 11.2"
   axes-xy="en"
   angles="left-handed"
/>

<network-processing-summary>

<coordinates-summary>
   <coordinates-summary-adjusted>    <count-xyz>0</count-xyz> <count-xy>4</count-xy> <count-z>0</count-z> </coordinates-summary-adjusted>
   <coordinates-summary-constrained> <count-xyz>0</count-xyz> <count-xy>0</count-xy> <count-z>0</count-z> </coordinates-summary-constrained>
   <coordinates-summary-fixed>       <count-xyz>0</count-xyz> <count-xy>4</count-xy> <count-z>0</count-z> </coordinates-summary-fixed>
</coordinates-summary>

<observations-summary>
   <distances>0</distances>
   <directions>0</directions>
   <angles>9</angles>
   <xyz-coords>0</xyz-coords>
   <h-diffs>0</h-diffs>
   <z-angles>0</z-angles>
   <s-dists>0</s-dists>
   <vectors>0</vectors>
   <azimuths>0</azimuths>
</observations-summary>

<project-equations>
   <equations>9</equations>
   <unknowns>8</unknowns>
   <degrees-of-freedom>1</degrees-of-freedom>
   <defect>0</defect>
   <sum-of-squares>7.9353304e-02</sum-of-squares>
   <connected-network/>
</project-equations>

<standard-deviation>
   <apriori>4.0000000e+00</apriori>
   <aposteriori>2.8169718e-01</aposteriori>
   <used>aposteriori</used>

   <probability>0.900</probability>
   <ratio>0.070</ratio>
   <lower>0.063</lower>
   <upper>1.960</upper>
   <passed/>

   <confidence-scale>6.3137515e+00</confidence-scale>
</standard-deviation>

</network-processing-summary>

<coordinates>

<fixed>
   <point> <id>A</id> <x>1073.810000</x> <y>1112.290000</y> </point>
   <point> <id>B</id> <x>2110.180000</x> <y>829.570000</y> </point>
   <point> <id>C</id> <x>1468.670000</x> <y>1933.400000</y> </point>
   <point> <id>D</id> <x>3628.150000</x> <y>2223.880000</y> </point>
</fixed>

<approximate>
   <point> <id>1</id> <x>2621.900000</x> <y>2106.390000</y> </point>
   <point> <id>2</id> <x>1870.670000</x> <y>2854.780000</y> </point>
   <point> <id>3</id> <x>2946.670000</x> <y>2955.040000</y> </point>
   <point> <id>4</id> <x>516.400000</x> <y>2180.700000</y> </point>
</approximate>

<!-- capital X,Y,Z denote constrained coordinates -->
<adjusted>
   <point> <id>1</id> <x>2621.8996459405757378</x> <y>2106.3892206498308042</y> </point>
   <point> <id>2</id> <x>1870.6705239318005169</x> <y>2854.7801695089706300</y> </point>
   <point> <id>3</id> <x>2946.6698704810582967</x> <y>2955.0382104279588020</y> </point>
   <point> <id>4</id> <x>516.3982981567264687</x> <y>2180.7012646527696234</y> </point>
</adjusted>

<orientation-shifts>
</orientation-shifts>

<!-- upper part of symmetric matrix band by rows -->
<cov-mat>
<dim>8</dim> <band>7</band>
<flt>2.7529709e-01</flt> <flt>9.0550206e-02</flt> <flt>2.6365070e-01</flt>
<flt>-8.8410926e-02</flt> <flt>2.4901064e-01</flt> <flt>4.4350454e-01</flt>
<flt>-1.2588787e-01</flt> <flt>-2.4129431e-01</flt> <flt>5.1113522e-01</flt>
<flt>1.8408838e-01</flt> <flt>-6.1731011e-02</flt> <flt>3.0636190e-01</flt>
<flt>1.0785165e+00</flt> <flt>-8.7898474e-02</flt> <flt>-1.6847851e-01</flt>
<flt>1.0865513e+00</flt> <flt>3.9057018e-01</flt> <flt>4.3568700e-01</flt>
<flt>7.7627227e-01</flt> <flt>-4.2331701e-01</flt> <flt>-1.3088959e+00</flt>
<flt>6.2110202e-01</flt> <flt>-1.4610047e-01</flt> <flt>-2.6031014e-01</flt>
<flt>-9.1361113e-02</flt> <flt>-6.7074197e-01</flt> <flt>5.4716555e-01</flt>
<flt>9.5500512e-01</flt> <flt>-2.0803172e-01</flt> <flt>-3.9874270e-01</flt>
<flt>2.9474302e+00</flt> <flt>-3.7065429e-01</flt> <flt>-7.1044788e-01</flt>
<flt>5.9229090e-01</flt> <flt>7.3247010e-01</flt> <flt>1.9608557e+00</flt>
</cov-mat>

<!-- original indexes from the adjustment -->
<original-index>
<ind>1</ind>
<ind>2</ind>
<ind>3</ind>
<ind>4</ind>
<ind>7</ind>
<ind>8</ind>
<ind>5</ind>
<ind>6</ind>
</original-index>

</coordinates>

<observations>

<angle> <from>B</from> <left>A</left> <right>C</right>
   <obs>49.5304000000000002</obs><adj>49.5303718302815312</adj> <stdev>0.0000000000000000</stdev>
   <qrr>1.000</qrr> <f>100.000</f> <std-residual>1.000</std-residual>
   <err-obs>-0.282</err-obs> <err-adj>0.000</err-adj>
   </angle>
<angle> <from>B</from> <left>C</left> <right>1</right>
   <obs>57.7816999999999936</obs><adj>57.7816999999999936</adj> <stdev>0.2816971846795217</stdev>
   <qrr>0.000</qrr> <f>0.000</f>
   </angle>
<angle> <from>1</from> <left>B</left> <right>C</right>
   <obs>66.2546999999999997</obs><adj>66.2546999999999997</adj> <stdev>0.2816971846795217</stdev>
   <qrr>0.000</qrr> <f>0.000</f>
   </angle>
<angle> <from>1</from> <left>C</left> <right>2</right>
   <obs>59.3584000000000032</obs><adj>59.3584000000000032</adj> <stdev>0.2816971846795216</stdev>
   <qrr>0.000</qrr> <f>0.000</f>
   </angle>
<angle> <from>A</from> <left>4</left> <right>C</right>
   <obs>59.1490999999999971</obs><adj>59.1490999999999971</adj> <stdev>0.2816971846795216</stdev>
   <qrr>0.000</qrr> <f>0.000</f>
   </angle>
<angle> <from>C</from> <left>4</left> <right>2</right>
   <obs>110.0153999999999996</obs><adj>110.0153999999999996</adj> <stdev>0.2816971846795216</stdev>
   <qrr>0.000</qrr> <f>0.000</f>
   </angle>
<angle> <from>4</from> <left>2</left> <right>C</right>
   <obs>45.5770999999999944</obs><adj>45.5770999999999944</adj> <stdev>0.2816971846795214</stdev>
   <qrr>0.000</qrr> <f>0.000</f>
   </angle>
<angle> <from>1</from> <left>2</left> <right>3</right>
   <obs>73.3887000000000000</obs><adj>73.3887000000000000</adj> <stdev>0.2816971846795220</stdev>
   <qrr>0.000</qrr> <f>0.000</f>
   </angle>
<angle> <from>D</from> <left>1</left> <right>3</right>
   <obs>59.6375999999999920</obs><adj>59.6375999999999920</adj> <stdev>0.2816971846795216</stdev>
   <qrr>0.000</qrr> <f>0.000</f>
   </angle>

</observations>

</gama-local-adjustment>
